::1 - - [17/Oct/2017:03:57:46 +0000] "OPTIONS /api/member/databyid HTTP/1.1" 204 - "http://localhost:3000/" "Mozilla/5.0 (Linux; Android 5.0; SM-G900P Build/LRX21T) AppleWebKit/537.36 (KHTML, like Gecko) Chrome/61.0.3163.100 Mobile Safari/537.36"
::1 - - [17/Oct/2017:03:57:46 +0000] "OPTIONS /api/beat HTTP/1.1" 204 - "http://localhost:3000/" "Mozilla/5.0 (Linux; Android 5.0; SM-G900P Build/LRX21T) AppleWebKit/537.36 (KHTML, like Gecko) Chrome/61.0.3163.100 Mobile Safari/537.36"
::1 - - [17/Oct/2017:03:57:46 +0000] "OPTIONS /api/topadv/list HTTP/1.1" 204 - "http://localhost:3000/home" "Mozilla/5.0 (Linux; Android 5.0; SM-G900P Build/LRX21T) AppleWebKit/537.36 (KHTML, like Gecko) Chrome/61.0.3163.100 Mobile Safari/537.36"
::1 - - [17/Oct/2017:03:57:46 +0000] "OPTIONS /api/drink/listspecial HTTP/1.1" 204 - "http://localhost:3000/home" "Mozilla/5.0 (Linux; Android 5.0; SM-G900P Build/LRX21T) AppleWebKit/537.36 (KHTML, like Gecko) Chrome/61.0.3163.100 Mobile Safari/537.36"
::1 - - [17/Oct/2017:03:57:46 +0000] "OPTIONS /api/drink/listrec HTTP/1.1" 204 - "http://localhost:3000/home" "Mozilla/5.0 (Linux; Android 5.0; SM-G900P Build/LRX21T) AppleWebKit/537.36 (KHTML, like Gecko) Chrome/61.0.3163.100 Mobile Safari/537.36"
::1 - - [17/Oct/2017:03:57:46 +0000] "POST /api/beat HTTP/1.1" 200 78 "http://localhost:3000/home" "Mozilla/5.0 (Linux; Android 5.0; SM-G900P Build/LRX21T) AppleWebKit/537.36 (KHTML, like Gecko) Chrome/61.0.3163.100 Mobile Safari/537.36"
::1 - - [17/Oct/2017:03:57:46 +0000] "POST /api/member/databyid HTTP/1.1" 200 96 "http://localhost:3000/home" "Mozilla/5.0 (Linux; Android 5.0; SM-G900P Build/LRX21T) AppleWebKit/537.36 (KHTML, like Gecko) Chrome/61.0.3163.100 Mobile Safari/537.36"
::1 - - [17/Oct/2017:03:57:46 +0000] "POST /api/topadv/list HTTP/1.1" 200 62 "http://localhost:3000/home" "Mozilla/5.0 (Linux; Android 5.0; SM-G900P Build/LRX21T) AppleWebKit/537.36 (KHTML, like Gecko) Chrome/61.0.3163.100 Mobile Safari/537.36"
::1 - - [17/Oct/2017:03:57:46 +0000] "POST /api/drink/listspecial HTTP/1.1" 200 901 "http://localhost:3000/home" "Mozilla/5.0 (Linux; Android 5.0; SM-G900P Build/LRX21T) AppleWebKit/537.36 (KHTML, like Gecko) Chrome/61.0.3163.100 Mobile Safari/537.36"
::1 - - [17/Oct/2017:03:57:46 +0000] "POST /api/drink/listrec HTTP/1.1" 200 62 "http://localhost:3000/home" "Mozilla/5.0 (Linux; Android 5.0; SM-G900P Build/LRX21T) AppleWebKit/537.36 (KHTML, like Gecko) Chrome/61.0.3163.100 Mobile Safari/537.36"
::1 - - [17/Oct/2017:03:57:57 +0000] "OPTIONS /api/member/databyid HTTP/1.1" 204 - "http://localhost:3000/regagent" "Mozilla/5.0 (Linux; Android 5.0; SM-G900P Build/LRX21T) AppleWebKit/537.36 (KHTML, like Gecko) Chrome/61.0.3163.100 Mobile Safari/537.36"
::1 - - [17/Oct/2017:03:57:57 +0000] "OPTIONS /api/beat HTTP/1.1" 204 - "http://localhost:3000/regagent" "Mozilla/5.0 (Linux; Android 5.0; SM-G900P Build/LRX21T) AppleWebKit/537.36 (KHTML, like Gecko) Chrome/61.0.3163.100 Mobile Safari/537.36"
::1 - - [17/Oct/2017:03:57:57 +0000] "OPTIONS /api/member/data HTTP/1.1" 204 - "http://localhost:3000/regagent" "Mozilla/5.0 (Linux; Android 5.0; SM-G900P Build/LRX21T) AppleWebKit/537.36 (KHTML, like Gecko) Chrome/61.0.3163.100 Mobile Safari/537.36"
::1 - - [17/Oct/2017:03:57:57 +0000] "POST /api/beat HTTP/1.1" 200 78 "http://localhost:3000/regagent" "Mozilla/5.0 (Linux; Android 5.0; SM-G900P Build/LRX21T) AppleWebKit/537.36 (KHTML, like Gecko) Chrome/61.0.3163.100 Mobile Safari/537.36"
::1 - - [17/Oct/2017:03:57:57 +0000] "POST /api/member/data HTTP/1.1" 200 105 "http://localhost:3000/regagent" "Mozilla/5.0 (Linux; Android 5.0; SM-G900P Build/LRX21T) AppleWebKit/537.36 (KHTML, like Gecko) Chrome/61.0.3163.100 Mobile Safari/537.36"
::1 - - [17/Oct/2017:03:57:57 +0000] "POST /api/member/databyid HTTP/1.1" 200 96 "http://localhost:3000/regagent" "Mozilla/5.0 (Linux; Android 5.0; SM-G900P Build/LRX21T) AppleWebKit/537.36 (KHTML, like Gecko) Chrome/61.0.3163.100 Mobile Safari/537.36"
::1 - - [17/Oct/2017:03:57:57 +0000] "OPTIONS /api/wxsign HTTP/1.1" 204 - "http://localhost:3000/regagent" "Mozilla/5.0 (Linux; Android 5.0; SM-G900P Build/LRX21T) AppleWebKit/537.36 (KHTML, like Gecko) Chrome/61.0.3163.100 Mobile Safari/537.36"
::1 - - [17/Oct/2017:03:57:57 +0000] "POST /api/wxsign HTTP/1.1" 200 215 "http://localhost:3000/regagent" "Mozilla/5.0 (Linux; Android 5.0; SM-G900P Build/LRX21T) AppleWebKit/537.36 (KHTML, like Gecko) Chrome/61.0.3163.100 Mobile Safari/537.36"
::1 - - [17/Oct/2017:03:58:52 +0000] "OPTIONS /api/member/databyid HTTP/1.1" 204 - "http://localhost:3000/regagent" "Mozilla/5.0 (Linux; Android 5.0; SM-G900P Build/LRX21T) AppleWebKit/537.36 (KHTML, like Gecko) Chrome/61.0.3163.100 Mobile Safari/537.36"
::1 - - [17/Oct/2017:03:58:52 +0000] "OPTIONS /api/beat HTTP/1.1" 204 - "http://localhost:3000/regagent" "Mozilla/5.0 (Linux; Android 5.0; SM-G900P Build/LRX21T) AppleWebKit/537.36 (KHTML, like Gecko) Chrome/61.0.3163.100 Mobile Safari/537.36"
::1 - - [17/Oct/2017:03:58:52 +0000] "OPTIONS /api/member/data HTTP/1.1" 204 - "http://localhost:3000/regagent" "Mozilla/5.0 (Linux; Android 5.0; SM-G900P Build/LRX21T) AppleWebKit/537.36 (KHTML, like Gecko) Chrome/61.0.3163.100 Mobile Safari/537.36"
::1 - - [17/Oct/2017:03:58:52 +0000] "POST /api/beat HTTP/1.1" 200 78 "http://localhost:3000/regagent" "Mozilla/5.0 (Linux; Android 5.0; SM-G900P Build/LRX21T) AppleWebKit/537.36 (KHTML, like Gecko) Chrome/61.0.3163.100 Mobile Safari/537.36"
::1 - - [17/Oct/2017:03:58:52 +0000] "POST /api/member/data HTTP/1.1" 200 105 "http://localhost:3000/regagent" "Mozilla/5.0 (Linux; Android 5.0; SM-G900P Build/LRX21T) AppleWebKit/537.36 (KHTML, like Gecko) Chrome/61.0.3163.100 Mobile Safari/537.36"
::1 - - [17/Oct/2017:03:58:52 +0000] "POST /api/member/databyid HTTP/1.1" 200 96 "http://localhost:3000/regagent" "Mozilla/5.0 (Linux; Android 5.0; SM-G900P Build/LRX21T) AppleWebKit/537.36 (KHTML, like Gecko) Chrome/61.0.3163.100 Mobile Safari/537.36"
::1 - - [17/Oct/2017:03:58:52 +0000] "OPTIONS /api/wxsign HTTP/1.1" 204 - "http://localhost:3000/regagent" "Mozilla/5.0 (Linux; Android 5.0; SM-G900P Build/LRX21T) AppleWebKit/537.36 (KHTML, like Gecko) Chrome/61.0.3163.100 Mobile Safari/537.36"
::1 - - [17/Oct/2017:03:58:52 +0000] "POST /api/wxsign HTTP/1.1" 200 215 "http://localhost:3000/regagent" "Mozilla/5.0 (Linux; Android 5.0; SM-G900P Build/LRX21T) AppleWebKit/537.36 (KHTML, like Gecko) Chrome/61.0.3163.100 Mobile Safari/537.36"
::1 - - [17/Oct/2017:04:00:15 +0000] "OPTIONS /api/member/databyid HTTP/1.1" 204 - "http://localhost:3000/regagent" "Mozilla/5.0 (Linux; Android 5.0; SM-G900P Build/LRX21T) AppleWebKit/537.36 (KHTML, like Gecko) Chrome/61.0.3163.100 Mobile Safari/537.36"
::1 - - [17/Oct/2017:04:00:15 +0000] "OPTIONS /api/beat HTTP/1.1" 204 - "http://localhost:3000/regagent" "Mozilla/5.0 (Linux; Android 5.0; SM-G900P Build/LRX21T) AppleWebKit/537.36 (KHTML, like Gecko) Chrome/61.0.3163.100 Mobile Safari/537.36"
::1 - - [17/Oct/2017:04:00:15 +0000] "OPTIONS /api/member/data HTTP/1.1" 204 - "http://localhost:3000/regagent" "Mozilla/5.0 (Linux; Android 5.0; SM-G900P Build/LRX21T) AppleWebKit/537.36 (KHTML, like Gecko) Chrome/61.0.3163.100 Mobile Safari/537.36"
::1 - - [17/Oct/2017:04:00:15 +0000] "POST /api/beat HTTP/1.1" 200 78 "http://localhost:3000/regagent" "Mozilla/5.0 (Linux; Android 5.0; SM-G900P Build/LRX21T) AppleWebKit/537.36 (KHTML, like Gecko) Chrome/61.0.3163.100 Mobile Safari/537.36"
::1 - - [17/Oct/2017:04:00:15 +0000] "POST /api/member/data HTTP/1.1" 200 105 "http://localhost:3000/regagent" "Mozilla/5.0 (Linux; Android 5.0; SM-G900P Build/LRX21T) AppleWebKit/537.36 (KHTML, like Gecko) Chrome/61.0.3163.100 Mobile Safari/537.36"
::1 - - [17/Oct/2017:04:00:15 +0000] "POST /api/member/databyid HTTP/1.1" 200 96 "http://localhost:3000/regagent" "Mozilla/5.0 (Linux; Android 5.0; SM-G900P Build/LRX21T) AppleWebKit/537.36 (KHTML, like Gecko) Chrome/61.0.3163.100 Mobile Safari/537.36"
::1 - - [17/Oct/2017:04:00:15 +0000] "OPTIONS /api/wxsign HTTP/1.1" 204 - "http://localhost:3000/regagent" "Mozilla/5.0 (Linux; Android 5.0; SM-G900P Build/LRX21T) AppleWebKit/537.36 (KHTML, like Gecko) Chrome/61.0.3163.100 Mobile Safari/537.36"
::1 - - [17/Oct/2017:04:00:15 +0000] "POST /api/wxsign HTTP/1.1" 200 215 "http://localhost:3000/regagent" "Mozilla/5.0 (Linux; Android 5.0; SM-G900P Build/LRX21T) AppleWebKit/537.36 (KHTML, like Gecko) Chrome/61.0.3163.100 Mobile Safari/537.36"
::1 - - [17/Oct/2017:04:01:45 +0000] "OPTIONS /api/member/databyid HTTP/1.1" 204 - "http://localhost:3000/regagent" "Mozilla/5.0 (Linux; Android 5.0; SM-G900P Build/LRX21T) AppleWebKit/537.36 (KHTML, like Gecko) Chrome/61.0.3163.100 Mobile Safari/537.36"
::1 - - [17/Oct/2017:04:01:45 +0000] "OPTIONS /api/beat HTTP/1.1" 204 - "http://localhost:3000/regagent" "Mozilla/5.0 (Linux; Android 5.0; SM-G900P Build/LRX21T) AppleWebKit/537.36 (KHTML, like Gecko) Chrome/61.0.3163.100 Mobile Safari/537.36"
::1 - - [17/Oct/2017:04:01:45 +0000] "OPTIONS /api/member/data HTTP/1.1" 204 - "http://localhost:3000/regagent" "Mozilla/5.0 (Linux; Android 5.0; SM-G900P Build/LRX21T) AppleWebKit/537.36 (KHTML, like Gecko) Chrome/61.0.3163.100 Mobile Safari/537.36"
::1 - - [17/Oct/2017:04:01:45 +0000] "POST /api/beat HTTP/1.1" 200 78 "http://localhost:3000/regagent" "Mozilla/5.0 (Linux; Android 5.0; SM-G900P Build/LRX21T) AppleWebKit/537.36 (KHTML, like Gecko) Chrome/61.0.3163.100 Mobile Safari/537.36"
::1 - - [17/Oct/2017:04:01:45 +0000] "POST /api/member/data HTTP/1.1" 200 105 "http://localhost:3000/regagent" "Mozilla/5.0 (Linux; Android 5.0; SM-G900P Build/LRX21T) AppleWebKit/537.36 (KHTML, like Gecko) Chrome/61.0.3163.100 Mobile Safari/537.36"
::1 - - [17/Oct/2017:04:01:45 +0000] "POST /api/member/databyid HTTP/1.1" 200 96 "http://localhost:3000/regagent" "Mozilla/5.0 (Linux; Android 5.0; SM-G900P Build/LRX21T) AppleWebKit/537.36 (KHTML, like Gecko) Chrome/61.0.3163.100 Mobile Safari/537.36"
::1 - - [17/Oct/2017:04:01:45 +0000] "OPTIONS /api/wxsign HTTP/1.1" 204 - "http://localhost:3000/regagent" "Mozilla/5.0 (Linux; Android 5.0; SM-G900P Build/LRX21T) AppleWebKit/537.36 (KHTML, like Gecko) Chrome/61.0.3163.100 Mobile Safari/537.36"
::1 - - [17/Oct/2017:04:01:45 +0000] "POST /api/wxsign HTTP/1.1" 200 215 "http://localhost:3000/regagent" "Mozilla/5.0 (Linux; Android 5.0; SM-G900P Build/LRX21T) AppleWebKit/537.36 (KHTML, like Gecko) Chrome/61.0.3163.100 Mobile Safari/537.36"
::1 - - [17/Oct/2017:04:03:18 +0000] "OPTIONS /api/member/databyid HTTP/1.1" 204 - "http://localhost:3000/regagent" "Mozilla/5.0 (Linux; Android 5.0; SM-G900P Build/LRX21T) AppleWebKit/537.36 (KHTML, like Gecko) Chrome/61.0.3163.100 Mobile Safari/537.36"
::1 - - [17/Oct/2017:04:03:18 +0000] "OPTIONS /api/beat HTTP/1.1" 204 - "http://localhost:3000/regagent" "Mozilla/5.0 (Linux; Android 5.0; SM-G900P Build/LRX21T) AppleWebKit/537.36 (KHTML, like Gecko) Chrome/61.0.3163.100 Mobile Safari/537.36"
::1 - - [17/Oct/2017:04:03:18 +0000] "OPTIONS /api/member/data HTTP/1.1" 204 - "http://localhost:3000/regagent" "Mozilla/5.0 (Linux; Android 5.0; SM-G900P Build/LRX21T) AppleWebKit/537.36 (KHTML, like Gecko) Chrome/61.0.3163.100 Mobile Safari/537.36"
::1 - - [17/Oct/2017:04:03:18 +0000] "POST /api/beat HTTP/1.1" 200 78 "http://localhost:3000/regagent" "Mozilla/5.0 (Linux; Android 5.0; SM-G900P Build/LRX21T) AppleWebKit/537.36 (KHTML, like Gecko) Chrome/61.0.3163.100 Mobile Safari/537.36"
::1 - - [17/Oct/2017:04:03:18 +0000] "POST /api/member/data HTTP/1.1" 200 105 "http://localhost:3000/regagent" "Mozilla/5.0 (Linux; Android 5.0; SM-G900P Build/LRX21T) AppleWebKit/537.36 (KHTML, like Gecko) Chrome/61.0.3163.100 Mobile Safari/537.36"
::1 - - [17/Oct/2017:04:03:18 +0000] "OPTIONS /api/wxsign HTTP/1.1" 204 - "http://localhost:3000/regagent" "Mozilla/5.0 (Linux; Android 5.0; SM-G900P Build/LRX21T) AppleWebKit/537.36 (KHTML, like Gecko) Chrome/61.0.3163.100 Mobile Safari/537.36"
::1 - - [17/Oct/2017:04:03:18 +0000] "POST /api/wxsign HTTP/1.1" 200 215 "http://localhost:3000/regagent" "Mozilla/5.0 (Linux; Android 5.0; SM-G900P Build/LRX21T) AppleWebKit/537.36 (KHTML, like Gecko) Chrome/61.0.3163.100 Mobile Safari/537.36"
::1 - - [17/Oct/2017:04:04:25 +0000] "POST /api/member/databyid HTTP/1.1" 200 71 "http://localhost:3000/regagent" "Mozilla/5.0 (Linux; Android 5.0; SM-G900P Build/LRX21T) AppleWebKit/537.36 (KHTML, like Gecko) Chrome/61.0.3163.100 Mobile Safari/537.36"
::1 - - [17/Oct/2017:04:05:56 +0000] "OPTIONS /api/member/databyid HTTP/1.1" 204 - "http://localhost:3000/regagent" "Mozilla/5.0 (Linux; Android 5.0; SM-G900P Build/LRX21T) AppleWebKit/537.36 (KHTML, like Gecko) Chrome/61.0.3163.100 Mobile Safari/537.36"
::1 - - [17/Oct/2017:04:05:56 +0000] "OPTIONS /api/beat HTTP/1.1" 204 - "http://localhost:3000/regagent" "Mozilla/5.0 (Linux; Android 5.0; SM-G900P Build/LRX21T) AppleWebKit/537.36 (KHTML, like Gecko) Chrome/61.0.3163.100 Mobile Safari/537.36"
::1 - - [17/Oct/2017:04:05:56 +0000] "OPTIONS /api/member/data HTTP/1.1" 204 - "http://localhost:3000/regagent" "Mozilla/5.0 (Linux; Android 5.0; SM-G900P Build/LRX21T) AppleWebKit/537.36 (KHTML, like Gecko) Chrome/61.0.3163.100 Mobile Safari/537.36"
::1 - - [17/Oct/2017:04:05:56 +0000] "POST /api/beat HTTP/1.1" 200 78 "http://localhost:3000/regagent" "Mozilla/5.0 (Linux; Android 5.0; SM-G900P Build/LRX21T) AppleWebKit/537.36 (KHTML, like Gecko) Chrome/61.0.3163.100 Mobile Safari/537.36"
::1 - - [17/Oct/2017:04:05:56 +0000] "POST /api/member/data HTTP/1.1" 200 105 "http://localhost:3000/regagent" "Mozilla/5.0 (Linux; Android 5.0; SM-G900P Build/LRX21T) AppleWebKit/537.36 (KHTML, like Gecko) Chrome/61.0.3163.100 Mobile Safari/537.36"
::1 - - [17/Oct/2017:04:05:56 +0000] "OPTIONS /api/wxsign HTTP/1.1" 204 - "http://localhost:3000/regagent" "Mozilla/5.0 (Linux; Android 5.0; SM-G900P Build/LRX21T) AppleWebKit/537.36 (KHTML, like Gecko) Chrome/61.0.3163.100 Mobile Safari/537.36"
::1 - - [17/Oct/2017:04:05:56 +0000] "POST /api/wxsign HTTP/1.1" 200 215 "http://localhost:3000/regagent" "Mozilla/5.0 (Linux; Android 5.0; SM-G900P Build/LRX21T) AppleWebKit/537.36 (KHTML, like Gecko) Chrome/61.0.3163.100 Mobile Safari/537.36"
::1 - - [17/Oct/2017:04:07:56 +0000] "POST /api/member/databyid HTTP/1.1" - - "http://localhost:3000/regagent" "Mozilla/5.0 (Linux; Android 5.0; SM-G900P Build/LRX21T) AppleWebKit/537.36 (KHTML, like Gecko) Chrome/61.0.3163.100 Mobile Safari/537.36"
::1 - - [17/Oct/2017:04:09:56 +0000] "POST /api/member/databyid HTTP/1.1" - - "http://localhost:3000/regagent" "Mozilla/5.0 (Linux; Android 5.0; SM-G900P Build/LRX21T) AppleWebKit/537.36 (KHTML, like Gecko) Chrome/61.0.3163.100 Mobile Safari/537.36"
::1 - - [17/Oct/2017:04:10:49 +0000] "POST /api/member/databyid HTTP/1.1" - - "http://localhost:3000/regagent" "Mozilla/5.0 (Linux; Android 5.0; SM-G900P Build/LRX21T) AppleWebKit/537.36 (KHTML, like Gecko) Chrome/61.0.3163.100 Mobile Safari/537.36"
::1 - - [17/Oct/2017:04:10:50 +0000] "OPTIONS /api/member/databyid HTTP/1.1" 204 - "http://localhost:3000/regagent" "Mozilla/5.0 (Linux; Android 5.0; SM-G900P Build/LRX21T) AppleWebKit/537.36 (KHTML, like Gecko) Chrome/61.0.3163.100 Mobile Safari/537.36"
::1 - - [17/Oct/2017:04:10:50 +0000] "OPTIONS /api/beat HTTP/1.1" 204 - "http://localhost:3000/regagent" "Mozilla/5.0 (Linux; Android 5.0; SM-G900P Build/LRX21T) AppleWebKit/537.36 (KHTML, like Gecko) Chrome/61.0.3163.100 Mobile Safari/537.36"
::1 - - [17/Oct/2017:04:10:50 +0000] "OPTIONS /api/member/data HTTP/1.1" 204 - "http://localhost:3000/regagent" "Mozilla/5.0 (Linux; Android 5.0; SM-G900P Build/LRX21T) AppleWebKit/537.36 (KHTML, like Gecko) Chrome/61.0.3163.100 Mobile Safari/537.36"
::1 - - [17/Oct/2017:04:10:50 +0000] "POST /api/beat HTTP/1.1" 200 78 "http://localhost:3000/regagent" "Mozilla/5.0 (Linux; Android 5.0; SM-G900P Build/LRX21T) AppleWebKit/537.36 (KHTML, like Gecko) Chrome/61.0.3163.100 Mobile Safari/537.36"
::1 - - [17/Oct/2017:04:10:50 +0000] "POST /api/member/data HTTP/1.1" 200 105 "http://localhost:3000/regagent" "Mozilla/5.0 (Linux; Android 5.0; SM-G900P Build/LRX21T) AppleWebKit/537.36 (KHTML, like Gecko) Chrome/61.0.3163.100 Mobile Safari/537.36"
::1 - - [17/Oct/2017:04:10:50 +0000] "OPTIONS /api/wxsign HTTP/1.1" 204 - "http://localhost:3000/regagent" "Mozilla/5.0 (Linux; Android 5.0; SM-G900P Build/LRX21T) AppleWebKit/537.36 (KHTML, like Gecko) Chrome/61.0.3163.100 Mobile Safari/537.36"
::1 - - [17/Oct/2017:04:10:50 +0000] "POST /api/wxsign HTTP/1.1" 200 215 "http://localhost:3000/regagent" "Mozilla/5.0 (Linux; Android 5.0; SM-G900P Build/LRX21T) AppleWebKit/537.36 (KHTML, like Gecko) Chrome/61.0.3163.100 Mobile Safari/537.36"
::1 - - [17/Oct/2017:04:10:50 +0000] "POST /api/member/databyid HTTP/1.1" 200 96 "http://localhost:3000/regagent" "Mozilla/5.0 (Linux; Android 5.0; SM-G900P Build/LRX21T) AppleWebKit/537.36 (KHTML, like Gecko) Chrome/61.0.3163.100 Mobile Safari/537.36"
::1 - - [17/Oct/2017:04:11:54 +0000] "OPTIONS /api/member/databyid HTTP/1.1" 204 - "http://localhost:3000/regagent" "Mozilla/5.0 (Linux; Android 5.0; SM-G900P Build/LRX21T) AppleWebKit/537.36 (KHTML, like Gecko) Chrome/61.0.3163.100 Mobile Safari/537.36"
::1 - - [17/Oct/2017:04:11:54 +0000] "OPTIONS /api/beat HTTP/1.1" 204 - "http://localhost:3000/regagent" "Mozilla/5.0 (Linux; Android 5.0; SM-G900P Build/LRX21T) AppleWebKit/537.36 (KHTML, like Gecko) Chrome/61.0.3163.100 Mobile Safari/537.36"
::1 - - [17/Oct/2017:04:11:54 +0000] "OPTIONS /api/member/data HTTP/1.1" 204 - "http://localhost:3000/regagent" "Mozilla/5.0 (Linux; Android 5.0; SM-G900P Build/LRX21T) AppleWebKit/537.36 (KHTML, like Gecko) Chrome/61.0.3163.100 Mobile Safari/537.36"
::1 - - [17/Oct/2017:04:11:54 +0000] "POST /api/beat HTTP/1.1" 200 78 "http://localhost:3000/regagent" "Mozilla/5.0 (Linux; Android 5.0; SM-G900P Build/LRX21T) AppleWebKit/537.36 (KHTML, like Gecko) Chrome/61.0.3163.100 Mobile Safari/537.36"
::1 - - [17/Oct/2017:04:11:54 +0000] "POST /api/member/data HTTP/1.1" 200 105 "http://localhost:3000/regagent" "Mozilla/5.0 (Linux; Android 5.0; SM-G900P Build/LRX21T) AppleWebKit/537.36 (KHTML, like Gecko) Chrome/61.0.3163.100 Mobile Safari/537.36"
::1 - - [17/Oct/2017:04:11:54 +0000] "POST /api/member/databyid HTTP/1.1" 200 96 "http://localhost:3000/regagent" "Mozilla/5.0 (Linux; Android 5.0; SM-G900P Build/LRX21T) AppleWebKit/537.36 (KHTML, like Gecko) Chrome/61.0.3163.100 Mobile Safari/537.36"
::1 - - [17/Oct/2017:04:11:54 +0000] "OPTIONS /api/wxsign HTTP/1.1" 204 - "http://localhost:3000/regagent" "Mozilla/5.0 (Linux; Android 5.0; SM-G900P Build/LRX21T) AppleWebKit/537.36 (KHTML, like Gecko) Chrome/61.0.3163.100 Mobile Safari/537.36"
::1 - - [17/Oct/2017:04:11:54 +0000] "POST /api/wxsign HTTP/1.1" 200 215 "http://localhost:3000/regagent" "Mozilla/5.0 (Linux; Android 5.0; SM-G900P Build/LRX21T) AppleWebKit/537.36 (KHTML, like Gecko) Chrome/61.0.3163.100 Mobile Safari/537.36"
::1 - - [17/Oct/2017:04:13:27 +0000] "OPTIONS /api/member/databyid HTTP/1.1" 204 - "http://localhost:3000/regagent" "Mozilla/5.0 (Linux; Android 5.0; SM-G900P Build/LRX21T) AppleWebKit/537.36 (KHTML, like Gecko) Chrome/61.0.3163.100 Mobile Safari/537.36"
::1 - - [17/Oct/2017:04:13:27 +0000] "OPTIONS /api/beat HTTP/1.1" 204 - "http://localhost:3000/regagent" "Mozilla/5.0 (Linux; Android 5.0; SM-G900P Build/LRX21T) AppleWebKit/537.36 (KHTML, like Gecko) Chrome/61.0.3163.100 Mobile Safari/537.36"
::1 - - [17/Oct/2017:04:13:27 +0000] "OPTIONS /api/member/data HTTP/1.1" 204 - "http://localhost:3000/regagent" "Mozilla/5.0 (Linux; Android 5.0; SM-G900P Build/LRX21T) AppleWebKit/537.36 (KHTML, like Gecko) Chrome/61.0.3163.100 Mobile Safari/537.36"
::1 - - [17/Oct/2017:04:13:27 +0000] "POST /api/beat HTTP/1.1" 200 78 "http://localhost:3000/regagent" "Mozilla/5.0 (Linux; Android 5.0; SM-G900P Build/LRX21T) AppleWebKit/537.36 (KHTML, like Gecko) Chrome/61.0.3163.100 Mobile Safari/537.36"
::1 - - [17/Oct/2017:04:13:27 +0000] "POST /api/member/data HTTP/1.1" 200 105 "http://localhost:3000/regagent" "Mozilla/5.0 (Linux; Android 5.0; SM-G900P Build/LRX21T) AppleWebKit/537.36 (KHTML, like Gecko) Chrome/61.0.3163.100 Mobile Safari/537.36"
::1 - - [17/Oct/2017:04:13:27 +0000] "OPTIONS /api/wxsign HTTP/1.1" 204 - "http://localhost:3000/regagent" "Mozilla/5.0 (Linux; Android 5.0; SM-G900P Build/LRX21T) AppleWebKit/537.36 (KHTML, like Gecko) Chrome/61.0.3163.100 Mobile Safari/537.36"
::1 - - [17/Oct/2017:04:13:27 +0000] "POST /api/wxsign HTTP/1.1" 200 215 "http://localhost:3000/regagent" "Mozilla/5.0 (Linux; Android 5.0; SM-G900P Build/LRX21T) AppleWebKit/537.36 (KHTML, like Gecko) Chrome/61.0.3163.100 Mobile Safari/537.36"
::1 - - [17/Oct/2017:04:13:27 +0000] "POST /api/member/databyid HTTP/1.1" 200 96 "http://localhost:3000/regagent" "Mozilla/5.0 (Linux; Android 5.0; SM-G900P Build/LRX21T) AppleWebKit/537.36 (KHTML, like Gecko) Chrome/61.0.3163.100 Mobile Safari/537.36"
::1 - - [17/Oct/2017:04:13:41 +0000] "OPTIONS /api/member/databyid HTTP/1.1" 204 - "http://localhost:3000/regagent" "Mozilla/5.0 (Linux; Android 5.0; SM-G900P Build/LRX21T) AppleWebKit/537.36 (KHTML, like Gecko) Chrome/61.0.3163.100 Mobile Safari/537.36"
::1 - - [17/Oct/2017:04:13:41 +0000] "OPTIONS /api/beat HTTP/1.1" 204 - "http://localhost:3000/regagent" "Mozilla/5.0 (Linux; Android 5.0; SM-G900P Build/LRX21T) AppleWebKit/537.36 (KHTML, like Gecko) Chrome/61.0.3163.100 Mobile Safari/537.36"
::1 - - [17/Oct/2017:04:13:41 +0000] "OPTIONS /api/member/data HTTP/1.1" 204 - "http://localhost:3000/regagent" "Mozilla/5.0 (Linux; Android 5.0; SM-G900P Build/LRX21T) AppleWebKit/537.36 (KHTML, like Gecko) Chrome/61.0.3163.100 Mobile Safari/537.36"
::1 - - [17/Oct/2017:04:13:41 +0000] "POST /api/beat HTTP/1.1" 200 78 "http://localhost:3000/regagent" "Mozilla/5.0 (Linux; Android 5.0; SM-G900P Build/LRX21T) AppleWebKit/537.36 (KHTML, like Gecko) Chrome/61.0.3163.100 Mobile Safari/537.36"
::1 - - [17/Oct/2017:04:13:41 +0000] "POST /api/member/data HTTP/1.1" 200 105 "http://localhost:3000/regagent" "Mozilla/5.0 (Linux; Android 5.0; SM-G900P Build/LRX21T) AppleWebKit/537.36 (KHTML, like Gecko) Chrome/61.0.3163.100 Mobile Safari/537.36"
::1 - - [17/Oct/2017:04:13:41 +0000] "POST /api/member/databyid HTTP/1.1" 200 96 "http://localhost:3000/regagent" "Mozilla/5.0 (Linux; Android 5.0; SM-G900P Build/LRX21T) AppleWebKit/537.36 (KHTML, like Gecko) Chrome/61.0.3163.100 Mobile Safari/537.36"
::1 - - [17/Oct/2017:04:13:41 +0000] "OPTIONS /api/wxsign HTTP/1.1" 204 - "http://localhost:3000/regagent" "Mozilla/5.0 (Linux; Android 5.0; SM-G900P Build/LRX21T) AppleWebKit/537.36 (KHTML, like Gecko) Chrome/61.0.3163.100 Mobile Safari/537.36"
::1 - - [17/Oct/2017:04:13:41 +0000] "POST /api/wxsign HTTP/1.1" 200 215 "http://localhost:3000/regagent" "Mozilla/5.0 (Linux; Android 5.0; SM-G900P Build/LRX21T) AppleWebKit/537.36 (KHTML, like Gecko) Chrome/61.0.3163.100 Mobile Safari/537.36"
::1 - - [17/Oct/2017:04:14:07 +0000] "OPTIONS /api/member/databyid HTTP/1.1" 204 - "http://localhost:3000/regagent" "Mozilla/5.0 (Linux; Android 5.0; SM-G900P Build/LRX21T) AppleWebKit/537.36 (KHTML, like Gecko) Chrome/61.0.3163.100 Mobile Safari/537.36"
::1 - - [17/Oct/2017:04:14:07 +0000] "OPTIONS /api/beat HTTP/1.1" 204 - "http://localhost:3000/regagent" "Mozilla/5.0 (Linux; Android 5.0; SM-G900P Build/LRX21T) AppleWebKit/537.36 (KHTML, like Gecko) Chrome/61.0.3163.100 Mobile Safari/537.36"
::1 - - [17/Oct/2017:04:14:07 +0000] "OPTIONS /api/member/data HTTP/1.1" 204 - "http://localhost:3000/regagent" "Mozilla/5.0 (Linux; Android 5.0; SM-G900P Build/LRX21T) AppleWebKit/537.36 (KHTML, like Gecko) Chrome/61.0.3163.100 Mobile Safari/537.36"
::1 - - [17/Oct/2017:04:14:07 +0000] "POST /api/beat HTTP/1.1" 200 78 "http://localhost:3000/regagent" "Mozilla/5.0 (Linux; Android 5.0; SM-G900P Build/LRX21T) AppleWebKit/537.36 (KHTML, like Gecko) Chrome/61.0.3163.100 Mobile Safari/537.36"
::1 - - [17/Oct/2017:04:14:07 +0000] "POST /api/member/data HTTP/1.1" 200 105 "http://localhost:3000/regagent" "Mozilla/5.0 (Linux; Android 5.0; SM-G900P Build/LRX21T) AppleWebKit/537.36 (KHTML, like Gecko) Chrome/61.0.3163.100 Mobile Safari/537.36"
::1 - - [17/Oct/2017:04:14:07 +0000] "POST /api/member/databyid HTTP/1.1" 200 96 "http://localhost:3000/regagent" "Mozilla/5.0 (Linux; Android 5.0; SM-G900P Build/LRX21T) AppleWebKit/537.36 (KHTML, like Gecko) Chrome/61.0.3163.100 Mobile Safari/537.36"
::1 - - [17/Oct/2017:04:14:07 +0000] "OPTIONS /api/wxsign HTTP/1.1" 204 - "http://localhost:3000/regagent" "Mozilla/5.0 (Linux; Android 5.0; SM-G900P Build/LRX21T) AppleWebKit/537.36 (KHTML, like Gecko) Chrome/61.0.3163.100 Mobile Safari/537.36"
::1 - - [17/Oct/2017:04:14:07 +0000] "POST /api/wxsign HTTP/1.1" 200 215 "http://localhost:3000/regagent" "Mozilla/5.0 (Linux; Android 5.0; SM-G900P Build/LRX21T) AppleWebKit/537.36 (KHTML, like Gecko) Chrome/61.0.3163.100 Mobile Safari/537.36"
::1 - - [17/Oct/2017:04:15:09 +0000] "OPTIONS /api/member/databyid HTTP/1.1" 204 - "http://localhost:3000/regagent" "Mozilla/5.0 (Linux; Android 5.0; SM-G900P Build/LRX21T) AppleWebKit/537.36 (KHTML, like Gecko) Chrome/61.0.3163.100 Mobile Safari/537.36"
::1 - - [17/Oct/2017:04:15:09 +0000] "OPTIONS /api/beat HTTP/1.1" 204 - "http://localhost:3000/regagent" "Mozilla/5.0 (Linux; Android 5.0; SM-G900P Build/LRX21T) AppleWebKit/537.36 (KHTML, like Gecko) Chrome/61.0.3163.100 Mobile Safari/537.36"
::1 - - [17/Oct/2017:04:15:09 +0000] "OPTIONS /api/member/data HTTP/1.1" 204 - "http://localhost:3000/regagent" "Mozilla/5.0 (Linux; Android 5.0; SM-G900P Build/LRX21T) AppleWebKit/537.36 (KHTML, like Gecko) Chrome/61.0.3163.100 Mobile Safari/537.36"
::1 - - [17/Oct/2017:04:15:09 +0000] "POST /api/beat HTTP/1.1" 200 78 "http://localhost:3000/regagent" "Mozilla/5.0 (Linux; Android 5.0; SM-G900P Build/LRX21T) AppleWebKit/537.36 (KHTML, like Gecko) Chrome/61.0.3163.100 Mobile Safari/537.36"
::1 - - [17/Oct/2017:04:15:09 +0000] "POST /api/member/data HTTP/1.1" 200 105 "http://localhost:3000/regagent" "Mozilla/5.0 (Linux; Android 5.0; SM-G900P Build/LRX21T) AppleWebKit/537.36 (KHTML, like Gecko) Chrome/61.0.3163.100 Mobile Safari/537.36"
::1 - - [17/Oct/2017:04:15:09 +0000] "POST /api/member/databyid HTTP/1.1" 200 96 "http://localhost:3000/regagent" "Mozilla/5.0 (Linux; Android 5.0; SM-G900P Build/LRX21T) AppleWebKit/537.36 (KHTML, like Gecko) Chrome/61.0.3163.100 Mobile Safari/537.36"
::1 - - [17/Oct/2017:04:15:09 +0000] "OPTIONS /api/wxsign HTTP/1.1" 204 - "http://localhost:3000/regagent" "Mozilla/5.0 (Linux; Android 5.0; SM-G900P Build/LRX21T) AppleWebKit/537.36 (KHTML, like Gecko) Chrome/61.0.3163.100 Mobile Safari/537.36"
::1 - - [17/Oct/2017:04:15:09 +0000] "POST /api/wxsign HTTP/1.1" 200 215 "http://localhost:3000/regagent" "Mozilla/5.0 (Linux; Android 5.0; SM-G900P Build/LRX21T) AppleWebKit/537.36 (KHTML, like Gecko) Chrome/61.0.3163.100 Mobile Safari/537.36"
::1 - - [17/Oct/2017:04:15:49 +0000] "OPTIONS /api/member/databyid HTTP/1.1" 204 - "http://localhost:3000/regagent" "Mozilla/5.0 (Linux; Android 5.0; SM-G900P Build/LRX21T) AppleWebKit/537.36 (KHTML, like Gecko) Chrome/61.0.3163.100 Mobile Safari/537.36"
::1 - - [17/Oct/2017:04:15:49 +0000] "OPTIONS /api/beat HTTP/1.1" 204 - "http://localhost:3000/regagent" "Mozilla/5.0 (Linux; Android 5.0; SM-G900P Build/LRX21T) AppleWebKit/537.36 (KHTML, like Gecko) Chrome/61.0.3163.100 Mobile Safari/537.36"
::1 - - [17/Oct/2017:04:15:49 +0000] "OPTIONS /api/member/data HTTP/1.1" 204 - "http://localhost:3000/regagent" "Mozilla/5.0 (Linux; Android 5.0; SM-G900P Build/LRX21T) AppleWebKit/537.36 (KHTML, like Gecko) Chrome/61.0.3163.100 Mobile Safari/537.36"
::1 - - [17/Oct/2017:04:15:49 +0000] "POST /api/beat HTTP/1.1" 200 78 "http://localhost:3000/regagent" "Mozilla/5.0 (Linux; Android 5.0; SM-G900P Build/LRX21T) AppleWebKit/537.36 (KHTML, like Gecko) Chrome/61.0.3163.100 Mobile Safari/537.36"
::1 - - [17/Oct/2017:04:15:49 +0000] "POST /api/member/data HTTP/1.1" 200 105 "http://localhost:3000/regagent" "Mozilla/5.0 (Linux; Android 5.0; SM-G900P Build/LRX21T) AppleWebKit/537.36 (KHTML, like Gecko) Chrome/61.0.3163.100 Mobile Safari/537.36"
::1 - - [17/Oct/2017:04:15:49 +0000] "POST /api/member/databyid HTTP/1.1" 200 96 "http://localhost:3000/regagent" "Mozilla/5.0 (Linux; Android 5.0; SM-G900P Build/LRX21T) AppleWebKit/537.36 (KHTML, like Gecko) Chrome/61.0.3163.100 Mobile Safari/537.36"
::1 - - [17/Oct/2017:04:15:49 +0000] "OPTIONS /api/wxsign HTTP/1.1" 204 - "http://localhost:3000/regagent" "Mozilla/5.0 (Linux; Android 5.0; SM-G900P Build/LRX21T) AppleWebKit/537.36 (KHTML, like Gecko) Chrome/61.0.3163.100 Mobile Safari/537.36"
::1 - - [17/Oct/2017:04:15:49 +0000] "POST /api/wxsign HTTP/1.1" 200 215 "http://localhost:3000/regagent" "Mozilla/5.0 (Linux; Android 5.0; SM-G900P Build/LRX21T) AppleWebKit/537.36 (KHTML, like Gecko) Chrome/61.0.3163.100 Mobile Safari/537.36"
::1 - - [17/Oct/2017:04:26:17 +0000] "OPTIONS /api/member/databyid HTTP/1.1" 204 - "http://localhost:3000/regagent" "Mozilla/5.0 (Linux; Android 5.0; SM-G900P Build/LRX21T) AppleWebKit/537.36 (KHTML, like Gecko) Chrome/61.0.3163.100 Mobile Safari/537.36"
::1 - - [17/Oct/2017:04:26:17 +0000] "OPTIONS /api/beat HTTP/1.1" 204 - "http://localhost:3000/regagent" "Mozilla/5.0 (Linux; Android 5.0; SM-G900P Build/LRX21T) AppleWebKit/537.36 (KHTML, like Gecko) Chrome/61.0.3163.100 Mobile Safari/537.36"
::1 - - [17/Oct/2017:04:26:17 +0000] "OPTIONS /api/member/data HTTP/1.1" 204 - "http://localhost:3000/regagent" "Mozilla/5.0 (Linux; Android 5.0; SM-G900P Build/LRX21T) AppleWebKit/537.36 (KHTML, like Gecko) Chrome/61.0.3163.100 Mobile Safari/537.36"
::1 - - [17/Oct/2017:04:26:17 +0000] "POST /api/beat HTTP/1.1" 200 78 "http://localhost:3000/regagent" "Mozilla/5.0 (Linux; Android 5.0; SM-G900P Build/LRX21T) AppleWebKit/537.36 (KHTML, like Gecko) Chrome/61.0.3163.100 Mobile Safari/537.36"
::1 - - [17/Oct/2017:04:26:17 +0000] "POST /api/member/data HTTP/1.1" 200 105 "http://localhost:3000/regagent" "Mozilla/5.0 (Linux; Android 5.0; SM-G900P Build/LRX21T) AppleWebKit/537.36 (KHTML, like Gecko) Chrome/61.0.3163.100 Mobile Safari/537.36"
::1 - - [17/Oct/2017:04:26:17 +0000] "OPTIONS /api/wxsign HTTP/1.1" 204 - "http://localhost:3000/regagent" "Mozilla/5.0 (Linux; Android 5.0; SM-G900P Build/LRX21T) AppleWebKit/537.36 (KHTML, like Gecko) Chrome/61.0.3163.100 Mobile Safari/537.36"
::1 - - [17/Oct/2017:04:26:17 +0000] "POST /api/wxsign HTTP/1.1" 200 215 "http://localhost:3000/regagent" "Mozilla/5.0 (Linux; Android 5.0; SM-G900P Build/LRX21T) AppleWebKit/537.36 (KHTML, like Gecko) Chrome/61.0.3163.100 Mobile Safari/537.36"
::1 - - [17/Oct/2017:04:27:06 +0000] "POST /api/member/databyid HTTP/1.1" - - "http://localhost:3000/regagent" "Mozilla/5.0 (Linux; Android 5.0; SM-G900P Build/LRX21T) AppleWebKit/537.36 (KHTML, like Gecko) Chrome/61.0.3163.100 Mobile Safari/537.36"
::1 - - [17/Oct/2017:04:27:07 +0000] "OPTIONS /api/member/databyid HTTP/1.1" 204 - "http://localhost:3000/regagent" "Mozilla/5.0 (Linux; Android 5.0; SM-G900P Build/LRX21T) AppleWebKit/537.36 (KHTML, like Gecko) Chrome/61.0.3163.100 Mobile Safari/537.36"
::1 - - [17/Oct/2017:04:27:07 +0000] "OPTIONS /api/beat HTTP/1.1" 204 - "http://localhost:3000/regagent" "Mozilla/5.0 (Linux; Android 5.0; SM-G900P Build/LRX21T) AppleWebKit/537.36 (KHTML, like Gecko) Chrome/61.0.3163.100 Mobile Safari/537.36"
::1 - - [17/Oct/2017:04:27:07 +0000] "OPTIONS /api/member/data HTTP/1.1" 204 - "http://localhost:3000/regagent" "Mozilla/5.0 (Linux; Android 5.0; SM-G900P Build/LRX21T) AppleWebKit/537.36 (KHTML, like Gecko) Chrome/61.0.3163.100 Mobile Safari/537.36"
::1 - - [17/Oct/2017:04:27:07 +0000] "POST /api/beat HTTP/1.1" 200 78 "http://localhost:3000/regagent" "Mozilla/5.0 (Linux; Android 5.0; SM-G900P Build/LRX21T) AppleWebKit/537.36 (KHTML, like Gecko) Chrome/61.0.3163.100 Mobile Safari/537.36"
::1 - - [17/Oct/2017:04:27:07 +0000] "POST /api/member/data HTTP/1.1" 200 105 "http://localhost:3000/regagent" "Mozilla/5.0 (Linux; Android 5.0; SM-G900P Build/LRX21T) AppleWebKit/537.36 (KHTML, like Gecko) Chrome/61.0.3163.100 Mobile Safari/537.36"
::1 - - [17/Oct/2017:04:27:07 +0000] "OPTIONS /api/wxsign HTTP/1.1" 204 - "http://localhost:3000/regagent" "Mozilla/5.0 (Linux; Android 5.0; SM-G900P Build/LRX21T) AppleWebKit/537.36 (KHTML, like Gecko) Chrome/61.0.3163.100 Mobile Safari/537.36"
::1 - - [17/Oct/2017:04:27:07 +0000] "POST /api/wxsign HTTP/1.1" 200 215 "http://localhost:3000/regagent" "Mozilla/5.0 (Linux; Android 5.0; SM-G900P Build/LRX21T) AppleWebKit/537.36 (KHTML, like Gecko) Chrome/61.0.3163.100 Mobile Safari/537.36"
::1 - - [17/Oct/2017:04:27:08 +0000] "POST /api/member/databyid HTTP/1.1" 200 96 "http://localhost:3000/regagent" "Mozilla/5.0 (Linux; Android 5.0; SM-G900P Build/LRX21T) AppleWebKit/537.36 (KHTML, like Gecko) Chrome/61.0.3163.100 Mobile Safari/537.36"
::1 - - [17/Oct/2017:04:27:25 +0000] "OPTIONS /api/member/databyid HTTP/1.1" 204 - "http://localhost:3000/regagent" "Mozilla/5.0 (Linux; Android 5.0; SM-G900P Build/LRX21T) AppleWebKit/537.36 (KHTML, like Gecko) Chrome/61.0.3163.100 Mobile Safari/537.36"
::1 - - [17/Oct/2017:04:27:25 +0000] "OPTIONS /api/beat HTTP/1.1" 204 - "http://localhost:3000/regagent" "Mozilla/5.0 (Linux; Android 5.0; SM-G900P Build/LRX21T) AppleWebKit/537.36 (KHTML, like Gecko) Chrome/61.0.3163.100 Mobile Safari/537.36"
::1 - - [17/Oct/2017:04:27:25 +0000] "OPTIONS /api/member/data HTTP/1.1" 204 - "http://localhost:3000/regagent" "Mozilla/5.0 (Linux; Android 5.0; SM-G900P Build/LRX21T) AppleWebKit/537.36 (KHTML, like Gecko) Chrome/61.0.3163.100 Mobile Safari/537.36"
::1 - - [17/Oct/2017:04:27:25 +0000] "POST /api/beat HTTP/1.1" 200 78 "http://localhost:3000/regagent" "Mozilla/5.0 (Linux; Android 5.0; SM-G900P Build/LRX21T) AppleWebKit/537.36 (KHTML, like Gecko) Chrome/61.0.3163.100 Mobile Safari/537.36"
::1 - - [17/Oct/2017:04:27:25 +0000] "POST /api/member/data HTTP/1.1" 200 105 "http://localhost:3000/regagent" "Mozilla/5.0 (Linux; Android 5.0; SM-G900P Build/LRX21T) AppleWebKit/537.36 (KHTML, like Gecko) Chrome/61.0.3163.100 Mobile Safari/537.36"
::1 - - [17/Oct/2017:04:27:25 +0000] "OPTIONS /api/wxsign HTTP/1.1" 204 - "http://localhost:3000/regagent" "Mozilla/5.0 (Linux; Android 5.0; SM-G900P Build/LRX21T) AppleWebKit/537.36 (KHTML, like Gecko) Chrome/61.0.3163.100 Mobile Safari/537.36"
::1 - - [17/Oct/2017:04:27:25 +0000] "POST /api/wxsign HTTP/1.1" 200 215 "http://localhost:3000/regagent" "Mozilla/5.0 (Linux; Android 5.0; SM-G900P Build/LRX21T) AppleWebKit/537.36 (KHTML, like Gecko) Chrome/61.0.3163.100 Mobile Safari/537.36"
::1 - - [17/Oct/2017:04:27:25 +0000] "POST /api/member/databyid HTTP/1.1" 200 96 "http://localhost:3000/regagent" "Mozilla/5.0 (Linux; Android 5.0; SM-G900P Build/LRX21T) AppleWebKit/537.36 (KHTML, like Gecko) Chrome/61.0.3163.100 Mobile Safari/537.36"
